<?xml version="1.0" encoding="UTF-8"?>
<!-- Generated by org.testng.reporters.JUnitXMLReporter -->
<testsuite hostname="radmin-pc" name="test_Oneplus 5T 8.1.0" tests="2" failures="0" timestamp="19 Mar 2019 08:50:13 GMT" time="102.285" errors="0">
  <testcase name="@AfterClass afterClass" time="0.0" classname="com.pcloudy.testng.TestClass1">
    <failure type="org.openqa.selenium.UnsupportedCommandException" message="Build info: version: &amp;apos;3.0.1&amp;apos;, revision: &amp;apos;1969d75&amp;apos;, time: &amp;apos;2016-10-18 09:49:13 -0700&amp;apos;
System info: host: &amp;apos;radmin-pc&amp;apos;, ip: &amp;apos;127.0.1.1&amp;apos;, os.name: &amp;apos;Linux&amp;apos;, os.arch: &amp;apos;amd64&amp;apos;, os.version: &amp;apos;4.4.0-31-generic&amp;apos;, java.version: &amp;apos;1.8.0_181&amp;apos;
Driver info: io.appium.java_client.android.AndroidDriver
Capabilities [{app=/Users/radmin/build/raid-data/data/user/85/rid/5T-Appium-Session-1552985254.cycle/5T_8.1.0/pCloudy Appium Demo.apk, appPackage=com.pcloudy.appiumdemo, rotatable=true, deviceScreenSize=1080x2160, networkConnectionEnabled=true, warnings={}, databaseEnabled=false, launchTimeout=90000, deviceName=42da6e22, platform=LINUX, deviceUDID=42da6e22, appActivity=com.ba.mobile.LaunchActivity, desired={app=/Users/radmin/build/raid-data/data/user/85/rid/5T-Appium-Session-1552985254.cycle/5T_8.1.0/pCloudy Appium Demo.apk, appPackage=com.pcloudy.appiumdemo, appActivity=com.ba.mobile.LaunchActivity, rotatable=true, newCommandTimeout=600, udid=42da6e22, platformName=Android, launchTimeout=90000, deviceName=24}, newCommandTimeout=600, platformVersion=8.1.0, webStorageEnabled=false, locationContextEnabled=false, takesScreenshot=true, javascriptEnabled=true, deviceModel=ONEPLUS A5010, udid=42da6e22, platformName=Android, deviceManufacturer=OnePlus}]
Session ID: 704762b2-b22e-4a12-b620-2c2120cbf95f">
      <![CDATA[org.openqa.selenium.UnsupportedCommandException: Build info: version: '3.0.1', revision: '1969d75', time: '2016-10-18 09:49:13 -0700'
System info: host: 'radmin-pc', ip: '127.0.1.1', os.name: 'Linux', os.arch: 'amd64', os.version: '4.4.0-31-generic', java.version: '1.8.0_181'
Driver info: io.appium.java_client.android.AndroidDriver
Capabilities [{app=/Users/radmin/build/raid-data/data/user/85/rid/5T-Appium-Session-1552985254.cycle/5T_8.1.0/pCloudy Appium Demo.apk, appPackage=com.pcloudy.appiumdemo, rotatable=true, deviceScreenSize=1080x2160, networkConnectionEnabled=true, warnings={}, databaseEnabled=false, launchTimeout=90000, deviceName=42da6e22, platform=LINUX, deviceUDID=42da6e22, appActivity=com.ba.mobile.LaunchActivity, desired={app=/Users/radmin/build/raid-data/data/user/85/rid/5T-Appium-Session-1552985254.cycle/5T_8.1.0/pCloudy Appium Demo.apk, appPackage=com.pcloudy.appiumdemo, appActivity=com.ba.mobile.LaunchActivity, rotatable=true, newCommandTimeout=600, udid=42da6e22, platformName=Android, launchTimeout=90000, deviceName=24}, newCommandTimeout=600, platformVersion=8.1.0, webStorageEnabled=false, locationContextEnabled=false, takesScreenshot=true, javascriptEnabled=true, deviceModel=ONEPLUS A5010, udid=42da6e22, platformName=Android, deviceManufacturer=OnePlus}]
Session ID: 704762b2-b22e-4a12-b620-2c2120cbf95f
	at org.openqa.selenium.remote.ErrorHandler.createThrowable(ErrorHandler.java:216)
	at org.openqa.selenium.remote.ErrorHandler.throwIfResponseFailed(ErrorHandler.java:168)
	at org.openqa.selenium.remote.RemoteWebDriver.execute(RemoteWebDriver.java:635)
	at io.appium.java_client.DefaultGenericMobileDriver.execute(DefaultGenericMobileDriver.java:46)
	at io.appium.java_client.AppiumDriver.execute(AppiumDriver.java:1)
	at io.appium.java_client.android.AndroidDriver.execute(AndroidDriver.java:1)
	at org.openqa.selenium.remote.RemoteWebDriver.quit(RemoteWebDriver.java:497)
	at com.pcloudy.testng.TestSetUp.afterClass(TestSetUp.java:63)
	at java.util.concurrent.FutureTask.run(FutureTask.java:266)
	at java.util.concurrent.ThreadPoolExecutor.runWorker(ThreadPoolExecutor.java:1149)
	at java.util.concurrent.ThreadPoolExecutor$Worker.run(ThreadPoolExecutor.java:624)
	at java.lang.Thread.run(Thread.java:748)
... Removed 20 stack frames]]>
    </failure>
  </testcase> <!-- @AfterClass afterClass -->
  <testcase name="test1" time="61.827" classname="com.pcloudy.testng.TestClass1"/>
  <testcase name="test2" time="32.083" classname="com.pcloudy.testng.TestClass2"/>
</testsuite> <!-- test_Oneplus 5T 8.1.0 -->
