<?xml version="1.0" encoding="UTF-8"?>
<!-- Generated by org.testng.reporters.JUnitXMLReporter -->
<testsuite hostname="radmin-pc" name="test_Samsung Galaxy On8 7.0.0" tests="2" failures="0" timestamp="25 Mar 2019 09:44:26 GMT" time="249.801" errors="0">
  <testcase name="@AfterClass afterClass" time="0.0" classname="com.pcloudy.testng.TestClass2">
    <failure type="org.openqa.selenium.WebDriverException" message="Your session expired
Command duration or timeout: 51 milliseconds
Build info: version: &amp;apos;3.0.1&amp;apos;, revision: &amp;apos;1969d75&amp;apos;, time: &amp;apos;2016-10-18 09:49:13 -0700&amp;apos;
System info: host: &amp;apos;radmin-pc&amp;apos;, ip: &amp;apos;127.0.1.1&amp;apos;, os.name: &amp;apos;Linux&amp;apos;, os.arch: &amp;apos;amd64&amp;apos;, os.version: &amp;apos;4.4.0-31-generic&amp;apos;, java.version: &amp;apos;1.8.0_181&amp;apos;
Driver info: io.appium.java_client.android.AndroidDriver
Capabilities [{appPackage=com.pcloudy.appiumdemo, statBarHeight=72, viewportRect={top=72, left=0, width=1080, height=1848}, deviceName=3300ebc1bac663f7, platform=LINUX, deviceUDID=3300ebc1bac663f7, desired={app=/Users/radmin/build/raid-data/data/user/85/rid/Galaxy-On8-Appium-Session-1553506760.cycle/GalaxyOn8_7.0.0/pCloudy Appium Demo.apk, appPackage=com.pcloudy.appiumdemo, appActivity=com.ba.mobile.LaunchActivity, rotatable=true, newCommandTimeout=600, automationName=uiautomator2, unicodeKeyboard=true, udid=3300ebc1bac663f7, platformName=Android, launchTimeout=90000, deviceName=43, resetKeyboard=true}, newCommandTimeout=600, platformVersion=7.0, webStorageEnabled=false, automationName=uiautomator2, takesScreenshot=true, javascriptEnabled=true, unicodeKeyboard=true, udid=3300ebc1bac663f7, platformName=Android, deviceManufacturer=samsung, deviceApiLevel=24, resetKeyboard=true, app=/Users/radmin/build/raid-data/data/user/85/rid/Galaxy-On8-Appium-Session-1553506760.cycle/GalaxyOn8_7.0.0/pCloudy Appium Demo.apk, rotatable=true, deviceScreenSize=1080x1920, networkConnectionEnabled=true, warnings={}, databaseEnabled=false, launchTimeout=90000, appActivity=com.ba.mobile.LaunchActivity, pixelRatio=3, locationContextEnabled=false, deviceScreenDensity=480, deviceModel=SM-J710FN}]
Session ID: 52a06d80-0fc8-4d4e-b747-8c387d1f7ab1">
      <![CDATA[org.openqa.selenium.WebDriverException: Your session expired
Command duration or timeout: 51 milliseconds
Build info: version: '3.0.1', revision: '1969d75', time: '2016-10-18 09:49:13 -0700'
System info: host: 'radmin-pc', ip: '127.0.1.1', os.name: 'Linux', os.arch: 'amd64', os.version: '4.4.0-31-generic', java.version: '1.8.0_181'
Driver info: io.appium.java_client.android.AndroidDriver
Capabilities [{appPackage=com.pcloudy.appiumdemo, statBarHeight=72, viewportRect={top=72, left=0, width=1080, height=1848}, deviceName=3300ebc1bac663f7, platform=LINUX, deviceUDID=3300ebc1bac663f7, desired={app=/Users/radmin/build/raid-data/data/user/85/rid/Galaxy-On8-Appium-Session-1553506760.cycle/GalaxyOn8_7.0.0/pCloudy Appium Demo.apk, appPackage=com.pcloudy.appiumdemo, appActivity=com.ba.mobile.LaunchActivity, rotatable=true, newCommandTimeout=600, automationName=uiautomator2, unicodeKeyboard=true, udid=3300ebc1bac663f7, platformName=Android, launchTimeout=90000, deviceName=43, resetKeyboard=true}, newCommandTimeout=600, platformVersion=7.0, webStorageEnabled=false, automationName=uiautomator2, takesScreenshot=true, javascriptEnabled=true, unicodeKeyboard=true, udid=3300ebc1bac663f7, platformName=Android, deviceManufacturer=samsung, deviceApiLevel=24, resetKeyboard=true, app=/Users/radmin/build/raid-data/data/user/85/rid/Galaxy-On8-Appium-Session-1553506760.cycle/GalaxyOn8_7.0.0/pCloudy Appium Demo.apk, rotatable=true, deviceScreenSize=1080x1920, networkConnectionEnabled=true, warnings={}, databaseEnabled=false, launchTimeout=90000, appActivity=com.ba.mobile.LaunchActivity, pixelRatio=3, locationContextEnabled=false, deviceScreenDensity=480, deviceModel=SM-J710FN}]
Session ID: 52a06d80-0fc8-4d4e-b747-8c387d1f7ab1
	at org.openqa.selenium.remote.ErrorHandler.createThrowable(ErrorHandler.java:216)
	at org.openqa.selenium.remote.ErrorHandler.throwIfResponseFailed(ErrorHandler.java:168)
	at org.openqa.selenium.remote.RemoteWebDriver.execute(RemoteWebDriver.java:635)
	at io.appium.java_client.DefaultGenericMobileDriver.execute(DefaultGenericMobileDriver.java:46)
	at io.appium.java_client.AppiumDriver.execute(AppiumDriver.java:1)
	at io.appium.java_client.android.AndroidDriver.execute(AndroidDriver.java:1)
	at org.openqa.selenium.remote.RemoteWebDriver.quit(RemoteWebDriver.java:497)
	at com.pcloudy.testng.TestSetUp.afterClass(TestSetUp.java:63)
	at java.util.concurrent.FutureTask.run(FutureTask.java:266)
	at java.util.concurrent.ThreadPoolExecutor.runWorker(ThreadPoolExecutor.java:1149)
	at java.util.concurrent.ThreadPoolExecutor$Worker.run(ThreadPoolExecutor.java:624)
	at java.lang.Thread.run(Thread.java:748)
... Removed 20 stack frames]]>
    </failure>
  </testcase> <!-- @AfterClass afterClass -->
  <testcase name="test1" time="63.634" classname="com.pcloudy.testng.TestClass1"/>
  <testcase name="test2" time="31.312" classname="com.pcloudy.testng.TestClass2"/>
</testsuite> <!-- test_Samsung Galaxy On8 7.0.0 -->
