<?xml version="1.0" encoding="UTF-8"?>
<!-- Generated by org.testng.reporters.JUnitXMLReporter -->
<testsuite hostname="radmin-pc" name="test_Samsung Galaxy J7 6.0.1" tests="1" failures="0" timestamp="18 Mar 2019 06:18:50 GMT" time="121.159" errors="0">
  <testcase name="@AfterClass afterClass" time="0.0" classname="com.pcloudy.testng.TestClass1">
    <failure type="java.lang.NullPointerException">
      <![CDATA[java.lang.NullPointerException
	at com.pcloudy.testng.TestSetUp.afterClass(TestSetUp.java:61)
	at java.util.concurrent.FutureTask.run(FutureTask.java:266)
	at java.util.concurrent.ThreadPoolExecutor.runWorker(ThreadPoolExecutor.java:1149)
	at java.util.concurrent.ThreadPoolExecutor$Worker.run(ThreadPoolExecutor.java:624)
	at java.lang.Thread.run(Thread.java:748)
... Removed 16 stack frames]]>
    </failure>
  </testcase> <!-- @AfterClass afterClass -->
  <testcase name="@AfterTest afterTest" time="0.0" classname="com.pcloudy.testng.TestClass1">
    <failure type="java.lang.NullPointerException">
      <![CDATA[java.lang.NullPointerException
	at com.ssts.pcloudy.appium.AppiumApi.extendSession(AppiumApi.java:275)
	at com.ssts.pcloudy.appium.AppiumApi.releaseSession(AppiumApi.java:242)
	at com.ssts.pcloudy.appium.AppiumApi.releaseSession(AppiumApi.java:246)
	at com.ssts.pcloudy.appium.PCloudyAppiumSession.releaseSessionNow(PCloudyAppiumSession.java:24)
	at com.pcloudy.testng.TestSetUp.afterTest(TestSetUp.java:72)
	at java.util.concurrent.FutureTask.run(FutureTask.java:266)
	at java.util.concurrent.ThreadPoolExecutor.runWorker(ThreadPoolExecutor.java:1149)
	at java.util.concurrent.ThreadPoolExecutor$Worker.run(ThreadPoolExecutor.java:624)
	at java.lang.Thread.run(Thread.java:748)
... Removed 14 stack frames]]>
    </failure>
  </testcase> <!-- @AfterTest afterTest -->
  <testcase name="test1" time="90.186" classname="com.pcloudy.testng.TestClass1"/>
</testsuite> <!-- test_Samsung Galaxy J7 6.0.1 -->
