<?xml version="1.0" encoding="UTF-8"?>
<!-- Generated by org.testng.reporters.JUnitXMLReporter -->
<testsuite hostname="radmin-pc" name="test_Motorola X Play 7.1.1" tests="2" failures="0" timestamp="19 Mar 2019 07:51:52 GMT" time="151.378" errors="0">
  <testcase name="@AfterClass afterClass" time="0.0" classname="com.pcloudy.testng.TestClass1">
    <failure type="java.lang.NullPointerException">
      <![CDATA[java.lang.NullPointerException
	at com.pcloudy.testng.TestSetUp.afterClass(TestSetUp.java:63)
	at java.util.concurrent.FutureTask.run(FutureTask.java:266)
	at java.util.concurrent.ThreadPoolExecutor.runWorker(ThreadPoolExecutor.java:1149)
	at java.util.concurrent.ThreadPoolExecutor$Worker.run(ThreadPoolExecutor.java:624)
	at java.lang.Thread.run(Thread.java:748)
... Removed 16 stack frames]]>
    </failure>
  </testcase> <!-- @AfterClass afterClass -->
  <testcase name="@AfterClass afterClass" time="0.0" classname="com.pcloudy.testng.TestClass2">
    <failure type="java.lang.NullPointerException">
      <![CDATA[java.lang.NullPointerException
	at com.pcloudy.testng.TestSetUp.afterClass(TestSetUp.java:63)
	at java.util.concurrent.FutureTask.run(FutureTask.java:266)
	at java.util.concurrent.ThreadPoolExecutor.runWorker(ThreadPoolExecutor.java:1149)
	at java.util.concurrent.ThreadPoolExecutor$Worker.run(ThreadPoolExecutor.java:624)
	at java.lang.Thread.run(Thread.java:748)
... Removed 16 stack frames]]>
    </failure>
  </testcase> <!-- @AfterClass afterClass -->
  <testcase name="test1" time="90.142" classname="com.pcloudy.testng.TestClass1"/>
  <testcase name="test2" time="60.164" classname="com.pcloudy.testng.TestClass2"/>
</testsuite> <!-- test_Motorola X Play 7.1.1 -->
